To honour the JVM settings for this build a single-use Daemon process will be forked. For more on this, please refer to https://docs.gradle.org/8.13/userguide/gradle_daemon.html#sec:disabling_the_daemon in the Gradle documentation.
Daemon will be stopped at the end of the build 
> Task :app:preBuild UP-TO-DATE
> Task :app:preDebugBuild UP-TO-DATE
> Task :app:mergeDebugNativeDebugMetadata NO-SOURCE
> Task :app:checkKotlinGradlePluginConfigurationErrors SKIPPED
> Task :app:dataBindingMergeDependencyArtifactsDebug UP-TO-DATE
> Task :app:generateDebugResValues UP-TO-DATE
> Task :app:generateDebugResources UP-TO-DATE
> Task :app:injectCrashlyticsMappingFileIdDebug UP-TO-DATE
> Task :app:processDebugGoogleServices UP-TO-DATE
> Task :app:mergeDebugResources UP-TO-DATE
> Task :app:packageDebugResources UP-TO-DATE
> Task :app:processDebugNavigationResources UP-TO-DATE
> Task :app:parseDebugLocalResources UP-TO-DATE
> Task :app:dataBindingGenBaseClassesDebug UP-TO-DATE
> Task :app:generateDebugBuildConfig UP-TO-DATE
> Task :app:checkDebugAarMetadata UP-TO-DATE
> Task :app:compileDebugNavigationResources UP-TO-DATE
> Task :app:mapDebugSourceSetPaths UP-TO-DATE
> Task :app:createDebugCompatibleScreenManifests UP-TO-DATE
> Task :app:extractDeepLinksDebug UP-TO-DATE
> Task :app:processDebugMainManifest UP-TO-DATE
> Task :app:processDebugManifest UP-TO-DATE
> Task :app:processDebugManifestForPackage UP-TO-DATE
> Task :app:processDebugResources UP-TO-DATE
> Task :app:javaPreCompileDebug UP-TO-DATE
> Task :app:mergeDebugShaders UP-TO-DATE
> Task :app:compileDebugShaders NO-SOURCE
> Task :app:generateDebugAssets UP-TO-DATE
> Task :app:mergeDebugAssets UP-TO-DATE
> Task :app:compressDebugAssets UP-TO-DATE
> Task :app:desugarDebugFileDependencies UP-TO-DATE
> Task :app:checkDebugDuplicateClasses UP-TO-DATE
> Task :app:mergeExtDexDebug UP-TO-DATE
> Task :app:mergeLibDexDebug UP-TO-DATE
> Task :app:mergeDebugJniLibFolders UP-TO-DATE
> Task :app:mergeDebugNativeLibs NO-SOURCE
> Task :app:stripDebugDebugSymbols NO-SOURCE
> Task :app:validateSigningDebug UP-TO-DATE
> Task :app:writeDebugAppMetadata UP-TO-DATE
> Task :app:writeDebugSigningConfigVersions UP-TO-DATE
> Task :app:compileDebugKotlin
w: file:///C:/Users/ta/AndroidStudioProjects/MyApplication3/app/src/main/java/isim/ia2y/myapplication/AdminDashboardActivity.kt:40:9 'fun AppCompatActivity.showToast(message: String): Unit' is deprecated. Use showMotionSnackbar for consistent feedback.
w: file:///C:/Users/ta/AndroidStudioProjects/MyApplication3/app/src/main/java/isim/ia2y/myapplication/AdminDashboardActivity.kt:95:13 'fun AppCompatActivity.showToast(message: String): Unit' is deprecated. Use showMotionSnackbar for consistent feedback.
w: file:///C:/Users/ta/AndroidStudioProjects/MyApplication3/app/src/main/java/isim/ia2y/myapplication/AdminParametresActivity.kt:158:17 'fun AppCompatActivity.showToast(message: String): Unit' is deprecated. Use showMotionSnackbar for consistent feedback.
w: file:///C:/Users/ta/AndroidStudioProjects/MyApplication3/app/src/main/java/isim/ia2y/myapplication/AdminParametresActivity.kt:183:21 'fun AppCompatActivity.showToast(message: String): Unit' is deprecated. Use showMotionSnackbar for consistent feedback.
w: file:///C:/Users/ta/AndroidStudioProjects/MyApplication3/app/src/main/java/isim/ia2y/myapplication/AdminProductEditorActivity.kt:465:17 'fun AppCompatActivity.showToast(message: String): Unit' is deprecated. Use showMotionSnackbar for consistent feedback.
w: file:///C:/Users/ta/AndroidStudioProjects/MyApplication3/app/src/main/java/isim/ia2y/myapplication/AdminProduitsActivity.kt:272:29 'fun AppCompatActivity.showToast(message: String): Unit' is deprecated. Use showMotionSnackbar for consistent feedback.
w: file:///C:/Users/ta/AndroidStudioProjects/MyApplication3/app/src/main/java/isim/ia2y/myapplication/AdminUiActions.kt:75:9 'fun AppCompatActivity.showToast(message: String): Unit' is deprecated. Use showMotionSnackbar for consistent feedback.
w: file:///C:/Users/ta/AndroidStudioProjects/MyApplication3/app/src/main/java/isim/ia2y/myapplication/AdminUiActions.kt:192:26 'fun AppCompatActivity.showToast(message: String): Unit' is deprecated. Use showMotionSnackbar for consistent feedback.
w: file:///C:/Users/ta/AndroidStudioProjects/MyApplication3/app/src/main/java/isim/ia2y/myapplication/AdminUiActions.kt:313:5 'fun overridePendingTransition(p0: Int, p1: Int): Unit' is deprecated. Deprecated in Java.
w: file:///C:/Users/ta/AndroidStudioProjects/MyApplication3/app/src/main/java/isim/ia2y/myapplication/BottomNavUtils.kt:88:13 'fun AppCompatActivity.showToast(message: String): Unit' is deprecated. Use showMotionSnackbar for consistent feedback.
w: file:///C:/Users/ta/AndroidStudioProjects/MyApplication3/app/src/main/java/isim/ia2y/myapplication/ChatActivity.kt:62:60 'static field SOFT_INPUT_ADJUST_RESIZE: Int' is deprecated. Deprecated in Java.
w: file:///C:/Users/ta/AndroidStudioProjects/MyApplication3/app/src/main/java/isim/ia2y/myapplication/DialogUtils.kt:72:13 'fun AppCompatActivity.showToast(message: String): Unit' is deprecated. Use showMotionSnackbar for consistent feedback.
w: file:///C:/Users/ta/AndroidStudioProjects/MyApplication3/app/src/main/java/isim/ia2y/myapplication/DialogUtils.kt:89:13 'fun AppCompatActivity.showToast(message: String): Unit' is deprecated. Use showMotionSnackbar for consistent feedback.
w: file:///C:/Users/ta/AndroidStudioProjects/MyApplication3/app/src/main/java/isim/ia2y/myapplication/ExploreTabFragment.kt:97:22 'fun overridePendingTransition(p0: Int, p1: Int): Unit' is deprecated. Deprecated in Java.
w: file:///C:/Users/ta/AndroidStudioProjects/MyApplication3/app/src/main/java/isim/ia2y/myapplication/ExploreTabFragment.kt:99:22 'fun overridePendingTransition(p0: Int, p1: Int): Unit' is deprecated. Deprecated in Java.
w: file:///C:/Users/ta/AndroidStudioProjects/MyApplication3/app/src/main/java/isim/ia2y/myapplication/HomeTabFragment.kt:229:14 'fun AppCompatActivity.showToast(message: String): Unit' is deprecated. Use showMotionSnackbar for consistent feedback.
w: file:///C:/Users/ta/AndroidStudioProjects/MyApplication3/app/src/main/java/isim/ia2y/myapplication/HomeTabFragment.kt:305:30 'fun overridePendingTransition(p0: Int, p1: Int): Unit' is deprecated. Deprecated in Java.
w: file:///C:/Users/ta/AndroidStudioProjects/MyApplication3/app/src/main/java/isim/ia2y/myapplication/HomeTabFragment.kt:307:30 'fun overridePendingTransition(p0: Int, p1: Int): Unit' is deprecated. Deprecated in Java.
w: file:///C:/Users/ta/AndroidStudioProjects/MyApplication3/app/src/main/java/isim/ia2y/myapplication/HomeTabFragment.kt:405:18 'fun overridePendingTransition(p0: Int, p1: Int): Unit' is deprecated. Deprecated in Java.
w: file:///C:/Users/ta/AndroidStudioProjects/MyApplication3/app/src/main/java/isim/ia2y/myapplication/HomeTabFragment.kt:407:18 'fun overridePendingTransition(p0: Int, p1: Int): Unit' is deprecated. Deprecated in Java.
w: file:///C:/Users/ta/AndroidStudioProjects/MyApplication3/app/src/main/java/isim/ia2y/myapplication/InputUtils.kt:68:50 'var strokeColor: Int' is deprecated. Deprecated in Java.
w: file:///C:/Users/ta/AndroidStudioProjects/MyApplication3/app/src/main/java/isim/ia2y/myapplication/LanguageSettingsActivity.kt:45:13 'fun AppCompatActivity.showToast(message: String): Unit' is deprecated. Use showMotionSnackbar for consistent feedback.
w: file:///C:/Users/ta/AndroidStudioProjects/MyApplication3/app/src/main/java/isim/ia2y/myapplication/LoadingScreen.kt:21:9 'fun overridePendingTransition(p0: Int, p1: Int): Unit' is deprecated. Deprecated in Java.
w: file:///C:/Users/ta/AndroidStudioProjects/MyApplication3/app/src/main/java/isim/ia2y/myapplication/LocalOrderStore.kt:25:83 Unchecked cast of 'kotlin.collections.Map<kotlin.String, kotlin.Any?>' to 'kotlin.collections.Map<kotlin.String, kotlin.Any>'.
w: file:///C:/Users/ta/AndroidStudioProjects/MyApplication3/app/src/main/java/isim/ia2y/myapplication/LoginActivity.kt:22:8 'class GoogleSignIn : Any' is deprecated. Deprecated in Java.
w: file:///C:/Users/ta/AndroidStudioProjects/MyApplication3/app/src/main/java/isim/ia2y/myapplication/LoginActivity.kt:23:8 'class GoogleSignInClient : GoogleApi<GoogleSignInOptions!>' is deprecated. Deprecated in Java.
w: file:///C:/Users/ta/AndroidStudioProjects/MyApplication3/app/src/main/java/isim/ia2y/myapplication/LoginActivity.kt:24:8 'class GoogleSignInOptions : AbstractSafeParcelable, Api.ApiOptions.Optional, ReflectedParcelable' is deprecated. Deprecated in Java.
w: file:///C:/Users/ta/AndroidStudioProjects/MyApplication3/app/src/main/java/isim/ia2y/myapplication/LoginActivity.kt:33:46 'class GoogleSignInClient : GoogleApi<GoogleSignInOptions!>' is deprecated. Deprecated in Java.
w: file:///C:/Users/ta/AndroidStudioProjects/MyApplication3/app/src/main/java/isim/ia2y/myapplication/LoginActivity.kt:63:27 'class GoogleSignIn : Any' is deprecated. Deprecated in Java.
w: file:///C:/Users/ta/AndroidStudioProjects/MyApplication3/app/src/main/java/isim/ia2y/myapplication/LoginActivity.kt:90:19 'class GoogleSignInOptions : AbstractSafeParcelable, Api.ApiOptions.Optional, ReflectedParcelable' is deprecated. Deprecated in Java.
w: file:///C:/Users/ta/AndroidStudioProjects/MyApplication3/app/src/main/java/isim/ia2y/myapplication/LoginActivity.kt:90:47 'class GoogleSignInOptions : AbstractSafeParcelable, Api.ApiOptions.Optional, ReflectedParcelable' is deprecated. Deprecated in Java.
w: file:///C:/Users/ta/AndroidStudioProjects/MyApplication3/app/src/main/java/isim/ia2y/myapplication/LoginActivity.kt:94:30 'class GoogleSignIn : Any' is deprecated. Deprecated in Java.
w: file:///C:/Users/ta/AndroidStudioProjects/MyApplication3/app/src/main/java/isim/ia2y/myapplication/MainActivity.kt:166:13 'fun AppCompatActivity.showToast(message: String): Unit' is deprecated. Use showMotionSnackbar for consistent feedback.
w: file:///C:/Users/ta/AndroidStudioProjects/MyApplication3/app/src/main/java/isim/ia2y/myapplication/MainActivity.kt:454:13 'fun AppCompatActivity.showToast(message: String): Unit' is deprecated. Use showMotionSnackbar for consistent feedback.
w: file:///C:/Users/ta/AndroidStudioProjects/MyApplication3/app/src/main/java/isim/ia2y/myapplication/MotionUtils.kt:41:33 'static field FLAG_IGNORE_GLOBAL_SETTING: Int' is deprecated. Deprecated in Java.
w: file:///C:/Users/ta/AndroidStudioProjects/MyApplication3/app/src/main/java/isim/ia2y/myapplication/NavigationUtils.kt:25:9 'fun overridePendingTransition(p0: Int, p1: Int): Unit' is deprecated. Deprecated in Java.
w: file:///C:/Users/ta/AndroidStudioProjects/MyApplication3/app/src/main/java/isim/ia2y/myapplication/NavigationUtils.kt:27:9 'fun overridePendingTransition(p0: Int, p1: Int): Unit' is deprecated. Deprecated in Java.
w: file:///C:/Users/ta/AndroidStudioProjects/MyApplication3/app/src/main/java/isim/ia2y/myapplication/NavigationUtils.kt:29:9 'fun overridePendingTransition(p0: Int, p1: Int): Unit' is deprecated. Deprecated in Java.
w: file:///C:/Users/ta/AndroidStudioProjects/MyApplication3/app/src/main/java/isim/ia2y/myapplication/NavigationUtils.kt:40:9 'fun overridePendingTransition(p0: Int, p1: Int): Unit' is deprecated. Deprecated in Java.
w: file:///C:/Users/ta/AndroidStudioProjects/MyApplication3/app/src/main/java/isim/ia2y/myapplication/NavigationUtils.kt:42:9 'fun overridePendingTransition(p0: Int, p1: Int): Unit' is deprecated. Deprecated in Java.
w: file:///C:/Users/ta/AndroidStudioProjects/MyApplication3/app/src/main/java/isim/ia2y/myapplication/NavigationUtils.kt:49:9 'fun overridePendingTransition(p0: Int, p1: Int): Unit' is deprecated. Deprecated in Java.
w: file:///C:/Users/ta/AndroidStudioProjects/MyApplication3/app/src/main/java/isim/ia2y/myapplication/NavigationUtils.kt:51:9 'fun overridePendingTransition(p0: Int, p1: Int): Unit' is deprecated. Deprecated in Java.
w: file:///C:/Users/ta/AndroidStudioProjects/MyApplication3/app/src/main/java/isim/ia2y/myapplication/NavigationUtils.kt:62:9 'fun overridePendingTransition(p0: Int, p1: Int): Unit' is deprecated. Deprecated in Java.
w: file:///C:/Users/ta/AndroidStudioProjects/MyApplication3/app/src/main/java/isim/ia2y/myapplication/NavigationUtils.kt:64:9 'fun overridePendingTransition(p0: Int, p1: Int): Unit' is deprecated. Deprecated in Java.
w: file:///C:/Users/ta/AndroidStudioProjects/MyApplication3/app/src/main/java/isim/ia2y/myapplication/NavigationUtils.kt:80:5 'fun overridePendingTransition(p0: Int, p1: Int): Unit' is deprecated. Deprecated in Java.
w: file:///C:/Users/ta/AndroidStudioProjects/MyApplication3/app/src/main/java/isim/ia2y/myapplication/NavigationUtils.kt:94:9 'fun overridePendingTransition(p0: Int, p1: Int): Unit' is deprecated. Deprecated in Java.
w: file:///C:/Users/ta/AndroidStudioProjects/MyApplication3/app/src/main/java/isim/ia2y/myapplication/NavigationUtils.kt:96:9 'fun overridePendingTransition(p0: Int, p1: Int): Unit' is deprecated. Deprecated in Java.
w: file:///C:/Users/ta/AndroidStudioProjects/MyApplication3/app/src/main/java/isim/ia2y/myapplication/NavigationUtils.kt:112:9 'fun overridePendingTransition(p0: Int, p1: Int): Unit' is deprecated. Deprecated in Java.
w: file:///C:/Users/ta/AndroidStudioProjects/MyApplication3/app/src/main/java/isim/ia2y/myapplication/NavigationUtils.kt:114:9 'fun overridePendingTransition(p0: Int, p1: Int): Unit' is deprecated. Deprecated in Java.
w: file:///C:/Users/ta/AndroidStudioProjects/MyApplication3/app/src/main/java/isim/ia2y/myapplication/NavigationUtils.kt:116:9 'fun overridePendingTransition(p0: Int, p1: Int): Unit' is deprecated. Deprecated in Java.
w: file:///C:/Users/ta/AndroidStudioProjects/MyApplication3/app/src/main/java/isim/ia2y/myapplication/NavigationUtils.kt:123:9 'fun overridePendingTransition(p0: Int, p1: Int): Unit' is deprecated. Deprecated in Java.
w: file:///C:/Users/ta/AndroidStudioProjects/MyApplication3/app/src/main/java/isim/ia2y/myapplication/NavigationUtils.kt:125:9 'fun overridePendingTransition(p0: Int, p1: Int): Unit' is deprecated. Deprecated in Java.
w: file:///C:/Users/ta/AndroidStudioProjects/MyApplication3/app/src/main/java/isim/ia2y/myapplication/NotificationUtils.kt:67:5 'fun AppCompatActivity.showToast(message: String): Unit' is deprecated. Use showMotionSnackbar for consistent feedback.
w: file:///C:/Users/ta/AndroidStudioProjects/MyApplication3/app/src/main/java/isim/ia2y/myapplication/NotificationUtils.kt:81:9 'fun AppCompatActivity.showToast(message: String): Unit' is deprecated. Use showMotionSnackbar for consistent feedback.
w: file:///C:/Users/ta/AndroidStudioProjects/MyApplication3/app/src/main/java/isim/ia2y/myapplication/NotificationUtils.kt:89:9 'fun overridePendingTransition(p0: Int, p1: Int): Unit' is deprecated. Deprecated in Java.
w: file:///C:/Users/ta/AndroidStudioProjects/MyApplication3/app/src/main/java/isim/ia2y/myapplication/NotificationUtils.kt:91:9 'fun overridePendingTransition(p0: Int, p1: Int): Unit' is deprecated. Deprecated in Java.
w: file:///C:/Users/ta/AndroidStudioProjects/MyApplication3/app/src/main/java/isim/ia2y/myapplication/Onboard2.kt:65:17 'fun overridePendingTransition(p0: Int, p1: Int): Unit' is deprecated. Deprecated in Java.
w: file:///C:/Users/ta/AndroidStudioProjects/MyApplication3/app/src/main/java/isim/ia2y/myapplication/Onboard2.kt:67:17 'fun overridePendingTransition(p0: Int, p1: Int): Unit' is deprecated. Deprecated in Java.
w: file:///C:/Users/ta/AndroidStudioProjects/MyApplication3/app/src/main/java/isim/ia2y/myapplication/ProductDetailsScreen.kt:73:21 'fun AppCompatActivity.showToast(message: String): Unit' is deprecated. Use showMotionSnackbar for consistent feedback.
w: file:///C:/Users/ta/AndroidStudioProjects/MyApplication3/app/src/main/java/isim/ia2y/myapplication/ProfileTabFragment.kt:111:47 'fun AppCompatActivity.showToast(message: String): Unit' is deprecated. Use showMotionSnackbar for consistent feedback.
w: file:///C:/Users/ta/AndroidStudioProjects/MyApplication3/app/src/main/java/isim/ia2y/myapplication/ProfileTabFragment.kt:473:34 'fun AppCompatActivity.showToast(message: String): Unit' is deprecated. Use showMotionSnackbar for consistent feedback.
w: file:///C:/Users/ta/AndroidStudioProjects/MyApplication3/app/src/main/java/isim/ia2y/myapplication/RegisterActivity.kt:21:8 'class GoogleSignIn : Any' is deprecated. Deprecated in Java.
w: file:///C:/Users/ta/AndroidStudioProjects/MyApplication3/app/src/main/java/isim/ia2y/myapplication/RegisterActivity.kt:22:8 'class GoogleSignInClient : GoogleApi<GoogleSignInOptions!>' is deprecated. Deprecated in Java.
w: file:///C:/Users/ta/AndroidStudioProjects/MyApplication3/app/src/main/java/isim/ia2y/myapplication/RegisterActivity.kt:23:8 'class GoogleSignInOptions : AbstractSafeParcelable, Api.ApiOptions.Optional, ReflectedParcelable' is deprecated. Deprecated in Java.
w: file:///C:/Users/ta/AndroidStudioProjects/MyApplication3/app/src/main/java/isim/ia2y/myapplication/RegisterActivity.kt:30:46 'class GoogleSignInClient : GoogleApi<GoogleSignInOptions!>' is deprecated. Deprecated in Java.
w: file:///C:/Users/ta/AndroidStudioProjects/MyApplication3/app/src/main/java/isim/ia2y/myapplication/RegisterActivity.kt:57:27 'class GoogleSignIn : Any' is deprecated. Deprecated in Java.
w: file:///C:/Users/ta/AndroidStudioProjects/MyApplication3/app/src/main/java/isim/ia2y/myapplication/RegisterActivity.kt:83:19 'class GoogleSignInOptions : AbstractSafeParcelable, Api.ApiOptions.Optional, ReflectedParcelable' is deprecated. Deprecated in Java.
w: file:///C:/Users/ta/AndroidStudioProjects/MyApplication3/app/src/main/java/isim/ia2y/myapplication/RegisterActivity.kt:83:47 'class GoogleSignInOptions : AbstractSafeParcelable, Api.ApiOptions.Optional, ReflectedParcelable' is deprecated. Deprecated in Java.
w: file:///C:/Users/ta/AndroidStudioProjects/MyApplication3/app/src/main/java/isim/ia2y/myapplication/RegisterActivity.kt:87:30 'class GoogleSignIn : Any' is deprecated. Deprecated in Java.
w: file:///C:/Users/ta/AndroidStudioProjects/MyApplication3/app/src/main/java/isim/ia2y/myapplication/SearchActivity.kt:318:17 'var chipCornerRadius: Float' is deprecated. Deprecated in Java.
w: file:///C:/Users/ta/AndroidStudioProjects/MyApplication3/app/src/main/java/isim/ia2y/myapplication/SearchActivity.kt:907:14 'var chipCornerRadius: Float' is deprecated. Deprecated in Java.
w: file:///C:/Users/ta/AndroidStudioProjects/MyApplication3/app/src/main/java/isim/ia2y/myapplication/SearchActivity.kt:1030:9 'fun overridePendingTransition(p0: Int, p1: Int): Unit' is deprecated. Deprecated in Java.
w: file:///C:/Users/ta/AndroidStudioProjects/MyApplication3/app/src/main/java/isim/ia2y/myapplication/SearchActivity.kt:1039:9 'fun overridePendingTransition(p0: Int, p1: Int): Unit' is deprecated. Deprecated in Java.
w: file:///C:/Users/ta/AndroidStudioProjects/MyApplication3/app/src/main/java/isim/ia2y/myapplication/SearchActivity.kt:1044:9 'fun overridePendingTransition(p0: Int, p1: Int): Unit' is deprecated. Deprecated in Java.

> Task :app:compileDebugJavaWithJavac UP-TO-DATE
> Task :app:dexBuilderDebug
> Task :app:mergeDebugGlobalSynthetics UP-TO-DATE
> Task :app:processDebugJavaRes UP-TO-DATE
> Task :app:mergeDebugJavaResource UP-TO-DATE
> Task :app:mergeProjectDexDebug
> Task :app:packageDebug
> Task :app:createDebugApkListingFileRedirect UP-TO-DATE
> Task :app:assembleDebug

BUILD SUCCESSFUL in 1m 48s
41 actionable tasks: 4 executed, 37 up-to-date
